<?xml version="1.0" encoding="UTF-8"?>
<robot generator="Robot 7.0 (Python 3.9.6 on darwin)" generated="2024-01-31T22:15:41.220096" rpa="false" schemaversion="5">
<suite id="s1" name="TestCase1" source="/Users/veevart/Desktop/GitHub/RobotFramework/TestProject/Tests/TestCase1.robot">
<test id="s1-t1" name="Test" line="10">
<kw name="Log" owner="BuiltIn">
<msg time="2024-01-31T22:15:41.239861" level="INFO">This is a sample test case</msg>
<arg>This is a sample test case</arg>
<doc>Logs the given message with the given level.</doc>
<status status="PASS" start="2024-01-31T22:15:41.239685" elapsed="0.001473"/>
</kw>
<status status="PASS" start="2024-01-31T22:15:41.239161" elapsed="0.002239"/>
</test>
<doc>This is my first test case</doc>
<status status="PASS" start="2024-01-31T22:15:41.223198" elapsed="0.018567"/>
</suite>
<statistics>
<total>
<stat pass="1" fail="0" skip="0">All Tests</stat>
</total>
<tag>
</tag>
<suite>
<stat pass="1" fail="0" skip="0" id="s1" name="TestCase1">TestCase1</stat>
</suite>
</statistics>
<errors>
</errors>
</robot>
